<?xml version="1.0" encoding="UTF-8"?>
<!-- Generated by org.testng.reporters.JUnitReportReporter -->
<testsuite hostname="MSI" failures="0" tests="4" name="Project.Human_Resource_Management.AdminSearchFeature" time="21.651" errors="0" timestamp="2024-01-28T15:32:26 IST" skipped="0">
  <testcase classname="Project.Human_Resource_Management.AdminSearchFeature" name="searchByUserRole" time="5.896"/>
  <testcase classname="Project.Human_Resource_Management.AdminSearchFeature" name="searchByUserName" time="5.894"/>
  <testcase classname="Project.Human_Resource_Management.AdminSearchFeature" name="searchByUserStatus" time="6.245"/>
  <testcase classname="Project.Human_Resource_Management.AdminSearchFeature" name="ReadOptionsfromleftView" time="3.616"/>
</testsuite> <!-- Project.Human_Resource_Management.AdminSearchFeature -->
